[0m[loop-run] === STEP 1: DEV (TASK-008c) ===
state updated: TASK-008c → DEV
Warning: Please use the `legacy` build in Node.js environments.
[feishu-plugin] wrote /Users/arthur/.opencode/feishu-plugin-server.json (0600)
[feishu-plugin] server: http://127.0.0.1:63159 workspace=/Users/arthur/.opencode/imbot-workspace
[feishu-plugin] no accounts bound
[media-gen] generate server start failed: 13674 |   server.requestTimeout = 0;
13675 |   server.headersTimeout = 0;
13676 |   return new Promise((resolve, reject) => {
13677 |     const onError = (e) => reject(e);
13678 |     server.once("error", onError);
13679 |     server.listen(opts.port ?? 0, hostname3, () => {
        ^
error: Failed to start server. Is port 51737 in use?
 syscall: "listen",
   errno: 0,
    code: "EADDRINUSE"

      at serve (unknown:1:1)
      at node:_http_server:275:39
      at node:_http_server:252:33
      at /Users/arthur/Library/Application Support/ai.deskfox.app/plugin/media-gen/dist/plugin.js:13679:12
      at Promise (unknown:1:11)
      at serveFetch (/Users/arthur/Library/Application Support/ai.deskfox.app/plugin/media-gen/dist/plugin.js:13676:14)
      at startMediaServer (/Users/arthur/Library/Application Support/ai.deskfox.app/plugin/media-gen/dist/plugin.js:13793:24)
      at /Users/arthur/Library/Application Support/ai.deskfox.app/plugin/media-gen/dist/plugin.js:13817:13
      at bc (/$bunfs/root/chunk-h28h07ft.js:554:15273)
      at ~effect/Utils/internal (/$bunfs/root/chunk-2qvefqem.js:8:1639)
      at /$bunfs/root/chunk-2qvefqem.js:25:5264
      at ~effect/Effect/evaluate (/$bunfs/root/chunk-2qvefqem.js:25:5550)
      at runLoop (/$bunfs/root/chunk-2qvefqem.js:25:2045)
      at evaluate (/$bunfs/root/chunk-2qvefqem.js:25:1435)
      at /$bunfs/root/chunk-2qvefqem.js:25:5589
      at processTicksAndRejections (unknown:7:39)

[0m
> build · glm-5.2
[0m
[0m$ [0mls -la src/Mail/ 2>/dev/null && echo "---" && ls src/ 2>/dev/null
total 16
drwxr-xr-x@  4 arthur  staff   128 Jun 27 14:07 .
drwxr-xr-x@ 20 arthur  staff   640 Jun 28 00:15 ..
-rw-r--r--@  1 arthur  staff  1643 Jun 27 14:07 EmailVerificationMail.php
-rw-r--r--@  1 arthur  staff  1649 Jun 27 14:07 PasswordResetMail.php
---
Concerns
Console
Context
Contracts
Enums
Events
Exceptions
Helpers
Jobs
Listeners
Mail
Middleware
Models
Modules
Scopes
Services
SwaggerInfo.php
TenancyServiceProvider.php
[0m
[0m$ [0mfind . -path ./vendor -prune -o -path ./node_modules -prune -o -name "*.php" -print 2>/dev/null | grep -iE "(Mail|mail_template|TenantContext|TenantService)" | head -50
./database/migrations/2026_06_27_000013_create_mail_templates_table.php
./database/migrations/2026_06_24_000001_create_email_verification_tokens_table.php
./tests/TenantContextTest.php
./src/Middleware/EnsureTenantContext.php
./src/Context/TenantContext.php
./src/Mail/PasswordResetMail.php
./src/Mail/EmailVerificationMail.php
./src/Contracts/TenantContextContract.php
./src/Models/MailTemplate.php
./src/Jobs/SendEmailVerificationJob.php
./src/Services/MailTemplateService.php
./src/Services/TenantService.php
[0m
[0m→ [0mRead src/Mail/EmailVerificationMail.php
[0m→ [0mRead src/Mail/PasswordResetMail.php
[0m→ [0mRead src/Services/MailTemplateService.php
[0m→ [0mRead src/Context/TenantContext.php
[0m→ [0mRead src/Models/Tenant.php
[0m
[0m$ [0mls config/ 2>/dev/null && echo "---tenancy---" && cat config/tenancy.php 2>/dev/null | head -80
cors.php
database.php
health.php
id.php
l5-swagger.php
pay.php
queue.php
sanctum.php
socialite.php
tenancy.php
---tenancy---
<?php

return [
    'default_tenant_id' => null,
    
    'admin_domain' => env('ADMIN_DOMAIN', 'admin.example.com'),
    
    'platform_domains' => [
        'localhost',
        '127.0.0.1',
        env('ADMIN_DOMAIN', 'admin.example.com'),
    ],
    
    'cache' => [
        'prefix' => 'tenant:',
        'ttl' => 3600,
    ],

    // 全局ID生成器配置
    'id' => [
        'min_value' => (int) env('ID_GENERATOR_MIN', 1000000000000000),
        'max_value' => (int) env('ID_GENERATOR_MAX', 9007199254740991),
    ],

    // 文件存储配置
    'file_storage_disk' => env('FILE_STORAGE_DISK', 'local'),

    // 积分预警阈值
    'credit_warning_threshold' => (int) env('CREDIT_WARNING_THRESHOLD', 100),

    // 订阅计划配额限制
    'plans' => [
        'free' => [
            'limits' => [
                'max_users' => 5,
                'max_storage_mb' => 1024,
            ],
        ],
        'basic' => [
            'limits' => [
                'max_users' => 20,
                'max_storage_mb' => 10240,
            ],
        ],
        'pro' => [
            'limits' => [
                'max_users' => 100,
                'max_storage_mb' => 51200,
            ],
        ],
        'enterprise' => [
            'limits' => [
                'max_users' => PHP_INT_MAX,
                'max_storage_mb' => PHP_INT_MAX,
            ],
        ],
    ],

    // 邮件模板配置
    'mail_templates' => [
        'default_from_address' => env('MAIL_FROM_ADDRESS', 'noreply@example.com'),
        'default_from_name' => env('MAIL_FROM_NAME', 'Tenant SaaS'),
        'cache_ttl' => 3600,
    ],
];
[0m
[0m→ [0mRead src/Services/TenantService.php
[0m
[0m$ [0mgrep -rn "brand_color\|branding\|platform_name" --include="*.php" -l 2>/dev/null | grep -v vendor | head -20
./database/migrations/2026_06_25_000003_create_subscription_plans_table.php
./database/migrations/2025_01_01_000001_create_tenants_table.php
./src/Models/Tenant.php
./src/Services/TenantProfileService.php
./src/Services/MailTemplateService.php
./src/Services/TenantService.php
[0m
[0m✱ [0mGrep "brand_color|branding"[90m in src/Services/TenantProfileService.php · 1 match[0m
[0m✱ [0mGrep "brand_color|branding"[90m in database/migrations/2025_01_01_000001_create_tenants_table.php · 1 match[0m
[0m
[0m$ [0mgrep -rn "platform_name\|app.name\|'name'" config/app.php 2>/dev/null | head; echo "---"; grep -rn "platform_name" --include="*.php" . 2>/dev/null | grep -v vendor | head
---
./src/Services/MailTemplateService.php:212:                'subject' => '欢迎来到 {{platform_name}}，{{user_name}}！',
./src/Services/MailTemplateService.php:213:                'variables' => ['user_name', 'tenant_name', 'platform_name', 'login_url', 'current_year'],
./src/Services/MailTemplateService.php:216:                    <h2 style="color:#4f46e5;">{{platform_name}}</h2>
./src/Services/MailTemplateService.php:218:                    <p>欢迎来到 {{platform_name}}。您已成功加入 <strong>{{tenant_name}}</strong>，现在可以开始使用了。</p>
./src/Services/MailTemplateService.php:223:                    <p style="color:#999;font-size:12px;">© {{current_year}} {{platform_name}}</p>
./src/Services/MailTemplateService.php:229:                欢迎来到 {{platform_name}}。您已成功加入 {{tenant_name}}，现在可以开始使用了。
./src/Services/MailTemplateService.php:233:                © {{current_year}} {{platform_name}}
./src/Services/MailTemplateService.php:239:                'subject' => '重置您的 {{platform_name}} 密码',
./src/Services/MailTemplateService.php:240:                'variables' => ['user_name', 'reset_url', 'platform_name', 'expiry_minutes', 'current_year'],
./src/Services/MailTemplateService.php:251:                    <p style="color:#999;font-size:12px;">© {{current_year}} {{platform_name}}</p>
[0m
[0m✗ [0mread failed
[91m[1mError: [0mFile not found: /Users/arthur/Devel/WorkSpaceAI/framework/multi_tenant_saas/config/app.php
[0m→ [0mRead src/Models/MailTemplate.php
[0m
[0m$ [0mgrep -rn "brand_color\|'branding'\|\"branding\"\|branding\[" --include="*.php" database/ 2>/dev/null | head -20; echo "---factory---"; find database -name "*Tenant*" 2>/dev/null
database/migrations/2025_01_01_000001_create_tenants_table.php:28:            $table->json('branding')->nullable();
---factory---
database/seeders/PlatformTenantSeeder.php
database/factories/TenantFactory.php
database/factories/TenantUserFactory.php
[0m
[0m→ [0mRead database/factories/TenantFactory.php
[0m✱ [0mGrep "brand_color|branding|primary_color"[90m in src/Services/TenantProfileService.php · 1 match[0m
[0m✗ [0mbash failed
[91m[1mError: [0mNotFound: FileSystem.access (/Users/arthur/WorkSpaceAI/framework/multi_tenant_saas)
[0m
[0m$ [0mls tests/ 2>/dev/null | head -40; echo "---mail tests---"; ls tests/ 2>/dev/null | grep -i mail
AlertServiceTest.php
AlipayOAuthTest.php
CacheServiceTest.php
ControllerTest.php
CoreServicesTest.php
CouponServiceTest.php
Customer.php
DataIsolationTest.php
ExportServiceTest.php
IdGeneratorTest.php
InvoiceServiceTest.php
PaymentSecurityServiceTest.php
PayPalServiceTest.php
PerformanceServiceTest.php
PluginServiceTest.php
QueueServiceTest.php
RateLimitServiceTest.php
RbacServiceTest.php
StripeServiceTest.php
SubscriptionServiceTest.php
TaxServiceTest.php
TenantContextTest.php
TenantCreditServiceTest.php
TenantProfileServiceTest.php
TenantScopeTest.php
TenantSettingTest.php
TestCase.php
TrialServiceTest.php
UnionPayServiceTest.php
---mail tests---
[0m
[0m→ [0mRead composer.json
[0m→ [0mRead src/TenancyServiceProvider.php
[0m
[0m$ [0mgrep -rn "MailTemplateService" --include="*.php" . 2>/dev/null | grep -v "vendor\|tests/" | head -20
./src/Services/MailTemplateService.php:18:class MailTemplateService
[0m
[0m$ [0mfind vendor/laravel/framework/src -path "*Mail/Mailables/Content*" 2>/dev/null; echo "---"; find vendor/laravel/framework/src -path "*Mail/Mailable*" -name "*.php" 2>/dev/null | head
vendor/laravel/framework/src/Illuminate/Mail/Mailables/Content.php
---
vendor/laravel/framework/src/Illuminate/Mail/Mailable.php
vendor/laravel/framework/src/Illuminate/Mail/Mailables/Headers.php
vendor/laravel/framework/src/Illuminate/Mail/Mailables/Envelope.php
vendor/laravel/framework/src/Illuminate/Mail/Mailables/Address.php
vendor/laravel/framework/src/Illuminate/Mail/Mailables/Content.php
vendor/laravel/framework/src/Illuminate/Mail/Mailables/Attachment.php
vendor/laravel/framework/src/Illuminate/Contracts/Mail/Mailable.php
[0m
[0m→ [0mRead vendor/laravel/framework/src/Illuminate/Mail/Mailables/Content.php
[0m✱ [0mGrep "withSymfonyMessage|public function text|htmlString|->text\(|protected function renderContent|markdownContent|renderMailable"[90m in vendor/laravel/framework/src/Illuminate/Mail/Mailable.php · 7 matches[0m
[0m→ [0mRead vendor/laravel/framework/src/Illuminate/Mail/Mailable.php[90m [offset=920, limit=70][0m
[0m→ [0mRead vendor/laravel/framework/src/Illuminate/Mail/Mailable.php[90m [limit=90, offset=1780][0m
[0m✱ [0mGrep "function buildView|textView|=> \$this->html|is_string\(\$this->html\)|'html'|->html\("[90m in vendor/laravel/framework/src/Illuminate/Mail/Mailable.php · 16 matches[0m
[0m→ [0mRead vendor/laravel/framework/src/Illuminate/Mail/Mailable.php[90m [limit=110, offset=305][0m
[0m✱ [0mGrep "function addContent|protected function renderView|->html\(|->text\(|SymfonyMessage|withSymfonyMessage|\$callbacks"[90m in vendor/laravel/framework/src/Illuminate/Mail/Mailer.php · 9 matches[0m
[0m→ [0mRead vendor/laravel/framework/src/Illuminate/Mail/Mailer.php[90m [limit=55, offset=410][0m
[0m✱ [0mGrep "addContent\(|buildView\(|extractViewData|\$message, \$view, \$plain|is_array\(\$view\)|'html'|'text'"[90m in vendor/laravel/framework/src/Illuminate/Mail/Mailer.php · 8 matches[0m
[0m→ [0mRead vendor/laravel/framework/src/Illuminate/Mail/Mailer.php[90m [limit=40, offset=380][0m
[0m
[0m$ [0mls vendor/opis 2>/dev/null; ls vendor/laravel/serializable-closure 2>/dev/null; echo "---"; grep -rn "serializable-closure\|opis/closure" composer.lock 2>/dev/null | head -3
composer.json
LICENSE.md
README.md
src
---
composer.lock:1354:                "laravel/serializable-closure": "^1.3|^2.0",
composer.lock:1748:            "name": "laravel/serializable-closure",
composer.lock:1752:                "url": "https://github.com/laravel/serializable-closure.git",
[0m
[0m✱ [0mGrep "callbacks|__serialize|__sleep|__wakeup|SerializableClosure|prepareMailableForSending|isQueueable"[90m in vendor/laravel/framework/src/Illuminate/Mail/Mailable.php · 6 matches[0m
[0m
[0m$ [0mgrep -rn "function __sleep\|function __wakeup\|function __serialize\|function __unserialize\|function getSerializedPropertyValue\|callbacks" vendor/laravel/framework/src/Illuminate/Queue/SerializesModels.php vendor/laravel/framework/src/Illuminate/Bus/Queueable.php 2>/dev/null
vendor/laravel/framework/src/Illuminate/Queue/SerializesModels.php:18:    public function __serialize()
vendor/laravel/framework/src/Illuminate/Queue/SerializesModels.php:73:    public function __unserialize(array $values)
vendor/laravel/framework/src/Illuminate/Bus/Queueable.php:88:     * The callbacks to be executed on chain failure.
vendor/laravel/framework/src/Illuminate/Bus/Queueable.php:340:     * Invoke all of the chain's failed job callbacks.
[0m
[0m$ [0mgrep -rn "callbacks\|__sleep\|__serialize\|SendQueuedMailable\|prepareMailableForSending\|resetCallbacks\|__destruct" vendor/laravel/framework/src/Illuminate/Mail/Mailable.php vendor/laravel/framework/src/Illuminate/Mail/SendQueuedMailable.php 2>/dev/null | head -30
vendor/laravel/framework/src/Illuminate/Mail/Mailable.php:158:     * The callbacks for the message.
vendor/laravel/framework/src/Illuminate/Mail/Mailable.php:162:    public $callbacks = [];
vendor/laravel/framework/src/Illuminate/Mail/Mailable.php:273:        return Container::getInstance()->make(SendQueuedMailable::class, ['mailable' => $this])
vendor/laravel/framework/src/Illuminate/Mail/Mailable.php:560:     * Run the callbacks for the message.
vendor/laravel/framework/src/Illuminate/Mail/Mailable.php:567:        foreach ($this->callbacks as $callback) {
vendor/laravel/framework/src/Illuminate/Mail/Mailable.php:597:        $this->callbacks[] = function ($message) use ($level) {
vendor/laravel/framework/src/Illuminate/Mail/Mailable.php:1860:        $this->callbacks[] = $callback;
vendor/laravel/framework/src/Illuminate/Mail/SendQueuedMailable.php:12:class SendQueuedMailable
[0m
[0m→ [0mRead vendor/laravel/framework/src/Illuminate/Queue/SerializesModels.php[90m [limit=75][0m
[0m
[0m$ [0mgrep -rn "getSerializedPropertyValue\|SerializableClosure\|is_object.*Closure\|get_unserialized_property_value\|function getPropertyValue" vendor/laravel/framework/src/Illuminate/Queue/SerializesAndRestoresModelIdentifiers.php 2>/dev/null
vendor/laravel/framework/src/Illuminate/Queue/SerializesAndRestoresModelIdentifiers.php:22:    protected function getSerializedPropertyValue($value, $withRelations = true)
[0m
[0m→ [0mRead vendor/laravel/framework/src/Illuminate/Queue/SerializesAndRestoresModelIdentifiers.php
[0m✱ [0mGrep "buildView|ensureHtmlViewAndTextAreHydrated|ensureAttachmentsAreHydrated|extractView|buildViewData|->send\(|prepareMailableForSending|sendMailable"[90m in vendor/laravel/framework/src/Illuminate/Mail/Mailer.php · 9 matches[0m
[0m→ [0mRead vendor/laravel/framework/src/Illuminate/Mail/Mailer.php[90m [limit=45, offset=290][0m
[0m
[0m$ [0mgrep -n "public function send\|protected function buildView\|ensureHtmlViewAndTextAreHydrated\|ensureAttachmentsAreHydrated\|->runCallbacks\|extractViewData\|buildViewData\|withEnvelope\|addEnvelope\|addAttachments" vendor/laravel/framework/src/Illuminate/Mail/Mailable.php | head -30
198:    public function send($mailer)
207:            return $mailer->send($this->buildView(), $this->buildViewData(), function ($message) {
213:                    ->runCallbacks($message)
295:                $this->buildView(), $this->buildViewData()
307:    protected function buildView()
338:        $data = $this->buildViewData();
353:    public function buildViewData()
1667:                $view = $this->buildView(), $this->buildViewData()
1678:                    $text, $this->buildViewData()
1700:        $this->ensureAttachmentsAreHydrated();
1814:    private function ensureAttachmentsAreHydrated()
1871:    public static function buildViewDataUsing(callable $callback)
[0m
[0m→ [0mRead vendor/laravel/framework/src/Illuminate/Mail/Mailable.php[90m [limit=35, offset=196][0m
[0m
[0m$ [0mgrep -n "prepareMailableForDelivery\|prepareMailableOnSend\|ensureHtmlViewAndTextAreHydrated" vendor/laravel/framework/src/Illuminate/Mail/Mailable.php | head
201:            $this->prepareMailableForDelivery();
292:            $this->prepareMailableForDelivery();
1664:            $this->prepareMailableForDelivery();
1691:    protected function prepareMailableForDelivery()
[0m
[0m→ [0mRead vendor/laravel/framework/src/Illuminate/Mail/Mailable.php[90m [limit=30, offset=1691][0m
[0m→ [0mRead vendor/laravel/framework/src/Illuminate/Mail/SendQueuedMailable.php
[0m→ [0mRead vendor/laravel/framework/src/Illuminate/Mail/Mailables/Attachment.php
[0m
[0m$ [0mgrep -n "public static function fromPath\|public static function fromStorage\|public static function fromData\|public static function fromUrl\|public function attachWith\|public function attachFrom\|protected \$data\|protected \$path\|public function withOptions" vendor/laravel/framework/src/Illuminate/Mail/Attachment.php 2>/dev/null | head -30
56:    public static function fromPath($path)
67:    public static function fromUrl($url)
83:    public static function fromData(Closure $data, $name = null)
113:    public static function fromStorage($path)
125:    public static function fromStorageDisk($disk, $path)
184:    public function attachWith(Closure $pathStrategy, Closure $dataStrategy)
[0m
[0m→ [0mRead vendor/laravel/framework/src/Illuminate/Mail/Attachment.php[90m [limit=100, offset=40][0m
[0m→ [0mRead vendor/laravel/framework/src/Illuminate/Mail/Attachment.php[90m [limit=100, offset=140][0m
[0m
[0m$ [0mcat pint.json 2>/dev/null; echo "---"; ls -la .pint* 2>/dev/null; grep -rn "preset\|fully_qualified" pint.json 2>/dev/null
---
zsh:1: no matches found: .pint*
[0m
[0m$ [0mgrep -rn "use Illuminate\\\\Mail\\\\Mailables" --include="*.php" src/ 2>/dev/null | head; echo "---any Content/Envelope imports anywhere---"; grep -rn "Mailables\\\\Envelope\|Mailables\\\\Content\|Mailables\\\\Attachment" --include="*.php" src/ 2>/dev/null | head
---any Content/Envelope imports anywhere---
src/Mail/PasswordResetMail.php:18:    public function envelope(): \Illuminate\Mail\Mailables\Envelope
src/Mail/PasswordResetMail.php:20:        return new \Illuminate\Mail\Mailables\Envelope(
src/Mail/PasswordResetMail.php:25:    public function content(): \Illuminate\Mail\Mailables\Content
src/Mail/PasswordResetMail.php:34:        return new \Illuminate\Mail\Mailables\Content(
src/Mail/EmailVerificationMail.php:18:    public function envelope(): \Illuminate\Mail\Mailables\Envelope
src/Mail/EmailVerificationMail.php:20:        return new \Illuminate\Mail\Mailables\Envelope(
src/Mail/EmailVerificationMail.php:25:    public function content(): \Illuminate\Mail\Mailables\Content
src/Mail/EmailVerificationMail.php:34:        return new \Illuminate\Mail\Mailables\Content(
[0m
我已经获取了足够的信息。让我检查一下测试用例，以了解该项目是如何测试 Mailables 或验证渲染的，从而确保我实现的功能是可以被验证的。
[0m$ [0mgrep -rn "Mailable\|->render()\|Mail::fake\|Mail::assertSent" tests/ 2>/dev/null | head; echo "---run config---"; grep -rn "phpunit\|pest" composer.json phpunit.xml* 2>/dev/null | head
---run config---
composer.json:26:        "phpunit/phpunit": "^10.5|^11.0"
composer.json:68:            "pestphp/pest-plugin": true,
phpunit.xml.dist:2:<phpunit xmlns:xsi="http://www.w3.org/2001/XMLSchema-instance"
phpunit.xml.dist:3:         xsi:noNamespaceSchemaLocation="vendor/phpunit/phpunit/phpunit.xsd"
phpunit.xml.dist:8:         cacheDirectory=".phpunit.cache"
phpunit.xml.dist:37:</phpunit>
[0m
[0m← [0mWrite src/Mail/TenantMail.php
Wrote file successfully.
[0m
现在我来创建 `TenantMail` Mailable。
现在让我验证一下该文件的语法是否正确，以及它是否通过项目的 lint 检查。
[0m$ [0mphp -l src/Mail/TenantMail.php 2>&1; echo "---class reflection---"; php -r 'require "vendor/autoload.php"; (new ReflectionClass("MultiTenantSaas\Mail\TenantMail")); echo "methods/props OK\n";' 2>&1 | head -20
No syntax errors detected in src/Mail/TenantMail.php
---class reflection---
PHP Fatal error:  Type of MultiTenantSaas\Mail\TenantMail::$attachments must be omitted to match the parent definition in class Illuminate\Mail\Mailable in /Users/arthur/Devel/WorkSpaceAI/framework/multi_tenant_saas/src/Mail/TenantMail.php on line 18
Stack trace:
#0 /Users/arthur/Devel/WorkSpaceAI/framework/multi_tenant_saas/vendor/composer/ClassLoader.php(576): include()
#1 /Users/arthur/Devel/WorkSpaceAI/framework/multi_tenant_saas/vendor/composer/ClassLoader.php(427): {closure:Composer\Autoload\ClassLoader::initializeIncludeClosure():575}('/Users/arthur/D...')
#2 [internal function]: Composer\Autoload\ClassLoader->loadClass('MultiTenantSaas...')
#3 Command line code(1): ReflectionClass->__construct('MultiTenantSaas...')
#4 {main}

Fatal error: Type of MultiTenantSaas\Mail\TenantMail::$attachments must be omitted to match the parent definition in class Illuminate\Mail\Mailable in /Users/arthur/Devel/WorkSpaceAI/framework/multi_tenant_saas/src/Mail/TenantMail.php on line 18
Stack trace:
#0 /Users/arthur/Devel/WorkSpaceAI/framework/multi_tenant_saas/vendor/composer/ClassLoader.php(576): include()
#1 /Users/arthur/Devel/WorkSpaceAI/framework/multi_tenant_saas/vendor/composer/ClassLoader.php(427): {closure:Composer\Autoload\ClassLoader::initializeIncludeClosure():575}('/Users/arthur/D...')
#2 [internal function]: Composer\Autoload\ClassLoader->loadClass('MultiTenantSaas...')
#3 Command line code(1): ReflectionClass->__construct('MultiTenantSaas...')
#4 {main}
[0m
[0m✱ [0mGrep "public \$attachments|protected \$attachments|attachments"[90m in vendor/laravel/framework/src/Illuminate/Mail/Mailable.php · 15 matches[0m
[0m→ [0mRead vendor/laravel/framework/src/Illuminate/Mail/Mailable.php[90m [limit=30, offset=1045][0m
[0m→ [0mRead vendor/laravel/framework/src/Illuminate/Mail/Mailable.php[90m [limit=40, offset=480][0m
父类 `Mailable` 已经声明了 `public $attachments`（无类型，在内部用作附件累加缓冲区）。在子类中用 `array` 类型重新声明它会导致 PHP 致命错误，而且将原始用户输入存储在那里会破坏父类的 `buildAttachments` 流水线（该流水线期望缓冲区中包含 `['file','options']` 压缩数组）。让我来验证并重构一下。
[0m
[0m$ [0mphp -r '
abstract class P { public $attachments = []; }
class C extends P { public array $attachments = []; }
' 2>&1 | head -3
echo "--- untyped redeclare ---"
php -r '
abstract class P { public $attachments = []; }
class C extends P { public $attachments; }
echo "untyped redeclare OK\n";
' 2>&1 | head -3
PHP Fatal error:  Type of C::$attachments must be omitted to match the parent definition in class P in Command line code on line 3
Stack trace:
#0 {main}
--- untyped redeclare ---
untyped redeclare OK
[0m
[0m← [0mWrite src/Mail/TenantMail.php
Wrote file successfully.
[0m
现在我来重构该文件：在单独的 `$attachmentInput` 属性中存储附件输入（保持父类的 `$attachments` 缓冲区不变），并让 `attachments()` 对其进行标准化。
[0m$ [0mphp -l src/Mail/TenantMail.php 2>&1; echo "--- reflect ---"; php -r 'require "vendor/autoload.php"; $r = new ReflectionClass("MultiTenantSaas\Mail\TenantMail"); echo "OK\n"; echo "props: "; foreach($r->getProperties() as $p){ if($p->getDeclaringClass()->getName()==="MultiTenantSaas\Mail\TenantMail") echo $p->getName()."/".($p->isPublic()?"pub":($p->isProtected()?"pro":"pri"))." "; } echo "\n"; echo "has attachments(): "; var_dump($r->hasMethod("attachments")); echo "has envelope/content: "; var_dump($r->hasMethod("envelope"), $r->hasMethod("content"));' 2>&1 | head -20
No syntax errors detected in src/Mail/TenantMail.php
--- reflect ---
OK
props: templateType/pub data/pub tenantId/pub attachmentInput/pro rendered/pro connection/pub queue/pub messageGroup/pub deduplicator/pub delay/pub afterCommit/pub middleware/pub chained/pub chainConnection/pub chainQueue/pub chainCatchCallbacks/pub 
has attachments(): bool(true)
has envelope/content: bool(true)
bool(true)
[0m
[0m→ [0mRead tests/TestCase.php
该类可以正常加载。让我使用项目的测试框架运行一次功能验证，以确认渲染、双格式文本和附件都能端到端正常工作。
让我检查一下 `mail_templates` 迁移以复现 schema，然后编写一个临时验证测试（我之后会删除它）。
[0m→ [0mRead database/migrations/2026_06_27_000013_create_mail_templates_table.php
[0m
[0m← [0mWrite ../../../../../../var/folders/fy/391zlg_x2kz6g59nj729sddm0000gn/T/opencode/TenantMailVerificationTest.php
Wrote file successfully.
[0m
[0m→ [0mRead phpunit.xml.dist
[0m
[0m$ [0mcp /var/folders/fy/391zlg_x2kz6g59nj729sddm0000gn/T/opencode/TenantMailVerificationTest.php tests/TenantMailVerificationTest.php && vendor/bin/phpunit --no-coverage tests/TenantMailVerificationTest.php 2>&1 | tail -40; echo "EXIT=$?"
Illuminate\Database\QueryException: SQLSTATE[HY000]: General error: 1 table tenants has no column named branding (Connection: testing, Database: :memory:, SQL: insert into "tenants" ("tenant_id", "name", "slug", "status", "branding", "updated_at", "created_at") values (2001, Acme Inc, acme, active, {"brand_color":"#ff0000"}, 2026-06-28 10:21:48, 2026-06-28 10:21:48))

/Users/arthur/Devel/WorkSpaceAI/framework/multi_tenant_saas/vendor/laravel/framework/src/Illuminate/Database/Connection.php:838
/Users/arthur/Devel/WorkSpaceAI/framework/multi_tenant_saas/vendor/laravel/framework/src/Illuminate/Database/Connection.php:794
/Users/arthur/Devel/WorkSpaceAI/framework/multi_tenant_saas/vendor/laravel/framework/src/Illuminate/Database/Connection.php:573
/Users/arthur/Devel/WorkSpaceAI/framework/multi_tenant_saas/vendor/laravel/framework/src/Illuminate/Database/Connection.php:537
/Users/arthur/Devel/WorkSpaceAI/framework/multi_tenant_saas/vendor/laravel/framework/src/Illuminate/Database/Query/Builder.php:4121
/Users/arthur/Devel/WorkSpaceAI/framework/multi_tenant_saas/vendor/laravel/framework/src/Illuminate/Database/Eloquent/Builder.php:2237
/Users/arthur/Devel/WorkSpaceAI/framework/multi_tenant_saas/vendor/laravel/framework/src/Illuminate/Database/Eloquent/Model.php:1412
/Users/arthur/Devel/WorkSpaceAI/framework/multi_tenant_saas/vendor/laravel/framework/src/Illuminate/Database/Eloquent/Model.php:1240
/Users/arthur/Devel/WorkSpaceAI/framework/multi_tenant_saas/vendor/laravel/framework/src/Illuminate/Database/Eloquent/Builder.php:1219
/Users/arthur/Devel/WorkSpaceAI/framework/multi_tenant_saas/vendor/laravel/framework/src/Illuminate/Support/helpers.php:393
/Users/arthur/Devel/WorkSpaceAI/framework/multi_tenant_saas/vendor/laravel/framework/src/Illuminate/Database/Eloquent/Builder.php:1218
/Users/arthur/Devel/WorkSpaceAI/framework/multi_tenant_saas/vendor/laravel/framework/src/Illuminate/Support/Traits/ForwardsCalls.php:23
/Users/arthur/Devel/WorkSpaceAI/framework/multi_tenant_saas/vendor/laravel/framework/src/Illuminate/Database/Eloquent/Model.php:2544
/Users/arthur/Devel/WorkSpaceAI/framework/multi_tenant_saas/vendor/laravel/framework/src/Illuminate/Database/Eloquent/Model.php:2560
/Users/arthur/Devel/WorkSpaceAI/framework/multi_tenant_saas/tests/TenantMailVerificationTest.php:51

Caused by
PDOException: SQLSTATE[HY000]: General error: 1 table tenants has no column named branding

/Users/arthur/Devel/WorkSpaceAI/framework/multi_tenant_saas/vendor/laravel/framework/src/Illuminate/Database/Connection.php:578
/Users/arthur/Devel/WorkSpaceAI/framework/multi_tenant_saas/vendor/laravel/framework/src/Illuminate/Database/Connection.php:827
/Users/arthur/Devel/WorkSpaceAI/framework/multi_tenant_saas/vendor/laravel/framework/src/Illuminate/Database/Connection.php:794
/Users/arthur/Devel/WorkSpaceAI/framework/multi_tenant_saas/vendor/laravel/framework/src/Illuminate/Database/Connection.php:573
/Users/arthur/Devel/WorkSpaceAI/framework/multi_tenant_saas/vendor/laravel/framework/src/Illuminate/Database/Connection.php:537
/Users/arthur/Devel/WorkSpaceAI/framework/multi_tenant_saas/vendor/laravel/framework/src/Illuminate/Database/Query/Builder.php:4121
/Users/arthur/Devel/WorkSpaceAI/framework/multi_tenant_saas/vendor/laravel/framework/src/Illuminate/Database/Eloquent/Builder.php:2237
/Users/arthur/Devel/WorkSpaceAI/framework/multi_tenant_saas/vendor/laravel/framework/src/Illuminate/Database/Eloquent/Model.php:1412
/Users/arthur/Devel/WorkSpaceAI/framework/multi_tenant_saas/vendor/laravel/framework/src/Illuminate/Database/Eloquent/Model.php:1240
/Users/arthur/Devel/WorkSpaceAI/framework/multi_tenant_saas/vendor/laravel/framework/src/Illuminate/Database/Eloquent/Builder.php:1219
/Users/arthur/Devel/WorkSpaceAI/framework/multi_tenant_saas/vendor/laravel/framework/src/Illuminate/Support/helpers.php:393
/Users/arthur/Devel/WorkSpaceAI/framework/multi_tenant_saas/vendor/laravel/framework/src/Illuminate/Database/Eloquent/Builder.php:1218
/Users/arthur/Devel/WorkSpaceAI/framework/multi_tenant_saas/vendor/laravel/framework/src/Illuminate/Support/Traits/ForwardsCalls.php:23
/Users/arthur/Devel/WorkSpaceAI/framework/multi_tenant_saas/vendor/laravel/framework/src/Illuminate/Database/Eloquent/Model.php:2544
/Users/arthur/Devel/WorkSpaceAI/framework/multi_tenant_saas/vendor/laravel/framework/src/Illuminate/Database/Eloquent/Model.php:2560
/Users/arthur/Devel/WorkSpaceAI/framework/multi_tenant_saas/tests/TenantMailVerificationTest.php:51

ERRORS!
Tests: 2, Assertions: 0, Errors: 2.
EXIT=0
[0m
[0m← [0mWrite ../../../../../../var/folders/fy/391zlg_x2kz6g59nj729sddm0000gn/T/opencode/TenantMailVerificationTest.php
Wrote file successfully.
[0m
TestCase 的 `tenants` 表中缺少 `branding` 列。让我来修复一下测试（添加该列）并使用一个真实的 `array` mailer 来检查 Symfony 消息（Mail fake 不会充分构建消息体或附件）。
[0m$ [0mcp /var/folders/fy/391zlg_x2kz6g59nj729sddm0000gn/T/opencode/TenantMailVerificationTest.php tests/TenantMailVerificationTest.php && vendor/bin/phpunit --no-coverage tests/TenantMailVerificationTest.php 2>&1 | tail -25; echo "EXIT=$?"
There were 2 failures:

1) MultiTenantSaas\Tests\TenantMailVerificationTest::test_renders_subject_html_text_and_attachments
Failed asserting that two strings are identical.
--- Expected
+++ Actual
@@ @@
-'Hello Arthur from Platform'
+'Hello Arthur from Tenant SaaS'

/Users/arthur/Devel/WorkSpaceAI/framework/multi_tenant_saas/tests/TenantMailVerificationTest.php:84

2) MultiTenantSaas\Tests\TenantMailVerificationTest::test_falls_back_when_no_tenant_context
Failed asserting that two strings are identical.
--- Expected
+++ Actual
@@ @@
-'Platform'
+'Tenant SaaS'

/Users/arthur/Devel/WorkSpaceAI/framework/multi_tenant_saas/tests/TenantMailVerificationTest.php:127

FAILURES!
Tests: 2, Assertions: 2, Failures: 2.
EXIT=0
[0m
[0m← [0mEdit ../../../../../../var/folders/fy/391zlg_x2kz6g59nj729sddm0000gn/T/opencode/TenantMailVerificationTest.php
Index: /var/folders/fy/391zlg_x2kz6g59nj729sddm0000gn/T/opencode/TenantMailVerificationTest.php
===================================================================
--- /var/folders/fy/391zlg_x2kz6g59nj729sddm0000gn/T/opencode/TenantMailVerificationTest.php
+++ /var/folders/fy/391zlg_x2kz6g59nj729sddm0000gn/T/opencode/TenantMailVerificationTest.php
@@ -68,8 +68,9 @@
     $this->app['config']->set('mail.mailers.array', ['transport' => 'array']);
     $this->app['config']->set('mail.from.address', 'noreply@example.com');
     $this->app['config']->set('mail.from.name', 'Platform');
     $this->app['config']->set('app.name', 'Platform');
+    $this->app['config']->set('tenancy.mail_templates.default_from_name', 'Platform');
 }
 
 public function test_renders_subject_html_text_and_attachments(): void
 {

[0m
实现运行正常（没有崩溃）。之前的失败只是因为我测试时对 `platform_name` 的预期有误（它正确地读取了 `tenancy.mail_templates.default_from_name` → 'Tenant SaaS'）。我来修正一下测试，将其设置为确定性的值，这样发送管道的断言就能实际运行了。
[0m$ [0mcp /var/folders/fy/391zlg_x2kz6g59nj729sddm0000gn/T/opencode/TenantMailVerificationTest.php tests/TenantMailVerificationTest.php && vendor/bin/phpunit --no-coverage tests/TenantMailVerificationTest.php 2>&1 | tail -15; echo "EXIT=$?"
Configuration: /Users/arthur/Devel/WorkSpaceAI/framework/multi_tenant_saas/phpunit.xml.dist

.E                                                                  2 / 2 (100%)

Time: 00:00.177, Memory: 38.50 MB

There was 1 error:

1) MultiTenantSaas\Tests\TenantMailVerificationTest::test_renders_subject_html_text_and_attachments
Error: Call to undefined method Illuminate\Mail\Transport\ArrayTransport::getMessages()

/Users/arthur/Devel/WorkSpaceAI/framework/multi_tenant_saas/tests/TenantMailVerificationTest.php:104

ERRORS!
Tests: 2, Assertions: 12, Errors: 1.
EXIT=0
[0m
[0m$ [0mgrep -n "public function\|class ArrayTransport\|SentMessage\|messages" vendor/symfony/mailer/Transport/ArrayTransport.php 2>/1>/dev/null || find vendor/symfony/mailer -name "ArrayTransport.php" | head; echo "---"; grep -rn "class ArrayTransport\|public function" vendor/laravel/framework/src/Illuminate/Mail/Transport/ArrayTransport.php 2>/dev/null
zsh:1: read-only file system: /1
---
vendor/laravel/framework/src/Illuminate/Mail/Transport/ArrayTransport.php:12:class ArrayTransport implements Stringable, TransportInterface
vendor/laravel/framework/src/Illuminate/Mail/Transport/ArrayTransport.php:24:    public function __construct()
vendor/laravel/framework/src/Illuminate/Mail/Transport/ArrayTransport.php:32:    public function send(RawMessage $message, ?Envelope $envelope = null): ?SentMessage
vendor/laravel/framework/src/Illuminate/Mail/Transport/ArrayTransport.php:42:    public function messages()
vendor/laravel/framework/src/Illuminate/Mail/Transport/ArrayTransport.php:52:    public function flush()
vendor/laravel/framework/src/Illuminate/Mail/Transport/ArrayTransport.php:62:    public function __toString(): string
[0m
[0m$ [0msed -n '30,55p' vendor/laravel/framework/src/Illuminate/Mail/Transport/ArrayTransport.php
* {@inheritdoc}
     */
    public function send(RawMessage $message, ?Envelope $envelope = null): ?SentMessage
    {
        return $this->messages[] = new SentMessage($message, $envelope ?? Envelope::create($message));
    }

    /**
     * Retrieve the collection of messages.
     *
     * @return \Illuminate\Support\Collection
     */
    public function messages()
    {
        return $this->messages;
    }

    /**
     * Clear all of the messages from the local collection.
     *
     * @return \Illuminate\Support\Collection
     */
    public function flush()
    {
        return $this->messages = new Collection;
    }
[0m
[0m← [0mEdit ../../../../../../var/folders/fy/391zlg_x2kz6g59nj729sddm0000gn/T/opencode/TenantMailVerificationTest.php
Index: /var/folders/fy/391zlg_x2kz6g59nj729sddm0000gn/T/opencode/TenantMailVerificationTest.php
===================================================================
--- /var/folders/fy/391zlg_x2kz6g59nj729sddm0000gn/T/opencode/TenantMailVerificationTest.php
+++ /var/folders/fy/391zlg_x2kz6g59nj729sddm0000gn/T/opencode/TenantMailVerificationTest.php
@@ -100,11 +100,11 @@
 // 真实发送 -> array transport 捕获最终 Symfony 邮件
 Mail::to('user@example.com')->send($mailable);
 
 $transport = Mail::mailer('array')->getSymfonyTransport();
-$messages = $transport->getMessages();
+$messages = $transport->messages();
 $this->assertCount(1, $messages);
-$email = $messages[0]->getOriginalMessage();
+$email = $messages->first()->getOriginalMessage();
 
 // HTML 分支
 $this->assertStringContainsString(
     '<p>Hi Arthur @ Acme Inc ('.$year.', color=#ff0000)</p>',

[0m
[0m$ [0mcp /var/folders/fy/391zlg_x2kz6g59nj729sddm0000gn/T/opencode/TenantMailVerificationTest.php tests/TenantMailVerificationTest.php && vendor/bin/phpunit --no-coverage tests/TenantMailVerificationTest.php 2>&1 | tail -15; echo "EXIT=$?"
PHPUnit 11.5.55 by Sebastian Bergmann and contributors.

Runtime:       PHP 8.5.3
Configuration: /Users/arthur/Devel/WorkSpaceAI/framework/multi_tenant_saas/phpunit.xml.dist

..                                                                  2 / 2 (100%)

Time: 00:00.176, Memory: 36.00 MB

OK (2 tests, 18 assertions)
EXIT=0
[0m
18 个断言全部通过 —— 包括双重格式的 HTML/文本、附件注入以及租户默认值。现在让我清理一下临时测试文件，并确认该仓库仅包含预期的更改。
[0m$ [0mrm -f tests/TenantMailVerificationTest.php && rm -f /var/folders/fy/391zlg_x2kz6g59nj729sddm0000gn/T/opencode/TenantMailVerificationTest.php; rm -f /tmp/tenantmail_test.txt 2>/dev/null; git status --short; echo "---diff stat---"; git diff --stat HEAD 2>/dev/null; echo "---untracked---"; git ls-files --others --exclude-standard
M .ai/state.json
 M app/Console/Commands/ProcessSubscriptions.php
 M lang/en/subscription.php
 M lang/zh_CN/subscription.php
?? .ai/reports/TASK-007c.log
?? .ai/reports/TASK-008c.log
?? .ai/reports/wave3a.log
?? .ai/review/TASK-007c-review.md
?? src/Mail/TenantMail.php
?? tests/DunningServiceTest.php
?? tests/PlanChangeServiceTest.php
?? tests/UsageServiceTest.php
---diff stat---
 .ai/state.json                                | 191 +++++++++++++-------------
 app/Console/Commands/ProcessSubscriptions.php |  50 ++++++-
 lang/en/subscription.php                      |  20 +++
 lang/zh_CN/subscription.php                   |  20 +++
 4 files changed, 187 insertions(+), 94 deletions(-)
---untracked---
.ai/reports/TASK-007c.log
.ai/reports/TASK-008c.log
.ai/reports/wave3a.log
.ai/review/TASK-007c-review.md
src/Mail/TenantMail.php
tests/DunningServiceTest.php
tests/PlanChangeServiceTest.php
tests/UsageServiceTest.php
[0m
我的临时测试制品已清除。在 `src/Mail/` 中仅添加了我预期的文件；其他修改/未追踪的文件属于之前不相关的任务。让我对交付物进行最后的 lint 检查。
[0m$ [0mphp -l src/Mail/TenantMail.php 2>&1; echo "---confirm only new file in scope---"; git diff --name-only HEAD -- src/Mail/ 2>/dev/null; git status --short -- src/Mail/
No syntax errors detected in src/Mail/TenantMail.php
---confirm only new file in scope---
?? src/Mail/TenantMail.php
[0m
TASK-008c 完成。

## 1. 修改/新增文件
- **新增** `src/Mail/TenantMail.php`（唯一交付物）

## 2. 核心目的
- `TenantMail` 继承 `Illuminate\Mail\Mailable`（`Queueable` + `SerializesModels`），构造函数接收 `templateType / data / tenantId / attachments` 四参，与现有 `EmailVerificationMail`/`PasswordResetMail` 风格一致（`envelope()`/`content()` 用 `htmlString:` 返回）。
- `envelope()` / `content()` 调用 `MailTemplateService::render()` 渲染数据库模板，`$rendered` 单例缓存避免 `envelope`/`content` 重复查库。
- `content()` 用 `htmlString:` 提供 HTML 分支，并通过 `withSymfonyMessage()` 将模板 `text_body` 写入 Symfony 消息的 text 分支，构成真正的 **HTML/纯文本双格式**（multipart/alternative）。
- `withTenantDefaults()` 在构造期从 `TenantContext`（显式 `tenantId` 优先，否则回退上下文）注入默认变量 `{{tenant_name}}` / `{{tenant_brand_color}}` / `{{current_year}}` / `{{platform_name}}`，用户传入 `$data` 优先于默认值。
- `attachments()` 将数组配置（path/data/storage/url，可选 name/mime）归一化为 `Attachment`，字符串路径与 `Attachment` 实例透传给 Laravel。

## 3. 遗留问题 / 需人工确认
- **公开属性 `$attachments` 的偏离**：父类 `Mailable` 已声明 `public $attachments`（无类型）作为附件累积缓冲区。子类以 `array` 类型重新声明会触发 PHP fatal（已实测：`Type of ...$attachments must be omitted to match the parent definition`）；而把用户输入存入该属性会污染父类 `buildAttachments` 流水线（它只接受 `['file','options']` 紧凑数组）。故构造函数的附件输入存于本类 `protected $attachmentInput`，由 `attachments()` 归一化后交父类 hydrate；`$attachments` 沿用父类公共缓冲区。Task 声明的"公开属性 `$attachments`"由继承的公共属性满足（非新增声明）。其余三项 `$templateType/$data/$tenantId` 均按公开属性实现。
- **队列发送时的附件输入**：若在构造函数直接传入 `Attachment` 实例（含闭包），在入队序列化时会失败。推荐对队列场景传入字符串路径或数组配置（均可序列化），`Attachment` 实例仅用于同步发送。这是 Laravel `withSymfonyMessage`/`Attachment` 的通用限制，非本类特有。
- **平台名来源**：`platform_name` 取 `config('tenancy.mail_templates.default_from_name', config('app.name'))`，与现有 `tenancy.php` 配置一致；如派生项目需改用其他键，请人工确认。
- 已用一次性测试（array mailer 真实发送）验证：主题渲染、HTML/纯文本双分支、双附件、租户默认变量注入、无上下文回退均通过（18 assertions），测试文件已删除，未污染仓库。
[0;32m[loop-run] ✓ DEV 完成[0m
[0m[loop-run] === STEP 2: REVIEW 第 1 轮 ===
state updated: TASK-008c → REVIEW
[0m[loop-run] Review 结果写入: /Users/arthur/Devel/WorkSpaceAI/framework/multi_tenant_saas/.ai/review/TASK-008c-review.md
Now I have a complete picture. Here's my review:

---

## Architecture

TenantMail 的设计合理：继承 `Mailable`，通过 `MailTemplateService` 解耦模板渲染，`TenantContext` 注入租户上下文。`$rendered` 缓存避免 `envelope()` 和 `content()` 的重复查询是好的设计决策。`$attachmentInput` 与父类 `$attachments` 的分离有清晰的注释说明原因，属于合理的变通。

ProcessSubscriptions 中 `TrialService` 用实例方法（`new TrialService()`）而 `DunningService` 用静态方法，风格不一致，但这是已有设计，不是本次引入的问题。`processFailedPayments()` 直接查询 `PaymentOrder` 再委托给 `DunningService`，职责划分清晰。

**评价：合理，模块边界清晰。**

## Code Quality

- 命名规范：`withTenantDefaults`、`resolveTenant`、`resolveBrandColor`、`toAttachment` 命名语义明确
- 注释充分：类文档、方法文档、`$attachmentInput` 的设计原因都有说明
- `toAttachment()` 支持 `path`/`data`/`storage`/`url` 四种模式，覆盖面全
- **不一致**：`content()` 先 `$rendered = $this->renderTemplate()` 再取值，`envelope()` 直接链式调用 `$this->renderTemplate()['subject']`，风格不统一
- lang 文件中英双语同步，placeholder 语法（`:date`, `:price`, `:amount`）符合 Laravel 规范

**评价：整体良好，有一处风格不一致。**

## Type Safety

- 所有属性均有类型声明：`string $templateType`, `array $data`, `?int $tenantId`, `array $attachmentInput`, `?array $rendered`
- 方法返回类型完整：`envelope(): Envelope`, `content(): Content`, `attachments(): array`, `renderTemplate(): ?array`
- `resolveBrandColor(?Tenant $tenant)` 参数可空，实现中正确使用了 `?->` 操作符
- `TenantContext::getTenant()` 返回 `?Tenant`，`resolveTenant()` 返回类型 `?Tenant`，null 传播链完整

**评价：类型标注完整，无遗漏。**

## Security

- 无直接 SQL 拼接，`Tenant::find()` 使用参数化查询
- 附件 `toAttachment()` 中 `fromData` 使用闭包延迟求值（`fn () => $config['data']`），符合 Laravel 安全实践
- `resolveBrandColor` 对 `$branding['brand_color']` 做了空字符串检查并强制 `(string)` 转换
- 无 XSS 风险：模板渲染在 `MailTemplateService` 中完成，变量替换使用 `{{var_name}}` 模式
- 无敏感数据暴露：默认变量仅包含租户名、品牌色、年份、平台名

**评价：无安全问题。**

## Performance

- `renderTemplate()` 缓存结果，避免 `envelope()` + `content()` 两次查询 — 好
- `resolveTenant()` 当 `tenantId` 显式传入时调用 `Tenant::find()`，这是一次额外 DB 查询；但构造时只调用一次，可接受
- `TenantContext::getTenant()` 自带 Request 级缓存，不会重复查询
- `attachments()` 使用 `array_map`，附件数量通常很小，无性能问题
- ProcessSubscriptions 中 `processFailedPayments()` 使用 `distinct()->pluck()` 避免 N+1，`foreach` 内每次调用 `processFailedPayment` 会独立查询，但这是按设计要求逐租户处理催款逻辑

**评价：无性能问题。**

## Potential Bugs

**P1 — `envelope()` 中 `renderTemplate()` 返回 null 时的 PHP 警告**

```php
// 第 56 行
$subject = $this->renderTemplate()['subject']
    ?? ($this->data['platform_name'] ?? config('app.name', 'Notification'));
```

当 `renderTemplate()` 返回 `null` 时（模板不存在），`null['subject']` 在 PHP 8.0+ 会触发 `Warning: Trying to access array offset on value of type null`。虽然 `??` 最终会回退到默认值，但警告会被记录到日志。对比 `content()` 的写法（先存变量再取值），这里应该保持一致：

```php
$rendered = $this->renderTemplate();
$subject = $rendered['subject']
    ?? ($this->data['platform_name'] ?? config('app.name', 'Notification'));
```

**P2 — `toAttachment()` 空路径静默失败**

```php
// 第 172 行
$path = $config['path'] ?? $config[0] ?? '';
$instance = \Illuminate\Mail\Mailables\Attachment::fromPath($path);
```

当附件配置既无 `path` 也无 `data`/`storage`/`url` 时，会以空字符串调用 `fromPath('')`，发送时才会抛异常。建议在 else 分支对空路径做前置校验或抛出 `\InvalidArgumentException`。

**P3 — ProcessSubscriptions `processFailedPayments()` 缺少异常处理**

`DunningService::processFailedPayment()` 和 `suspendTenant()` 内部有事务保护，但如果某个租户处理抛出异常（如 DB 连接中断），整个 foreach 循环会中断，后续租户不会被处理。建议在循环内 try-catch 并 continue。

**评价：有 3 个非阻塞但值得关注的问题。**

## Verdict

**PASS**

P1 是代码质量问题（功能正确但会产生日志噪音），P2/P3 是防御性编程建议。无安全漏洞、无架构缺陷、类型安全完整、满足 TASK-008c 全部交付物要求。

### 【建议改进】（非阻塞）

1. **`envelope()` null 处理**：将 `$this->renderTemplate()['subject']` 拆为两行，与 `content()` 风格一致，避免 PHP 8.x warning
2. **`toAttachment()` 空路径防护**：else 分支对 `$path` 为空时抛出明确异常
3. **`processFailedPayments()` 异常隔离**：在 foreach 内加 try-catch，单租户失败不阻塞其余租户处理

[0;32m[loop-run] ✓ === REVIEW PASS — TASK-008c 完成 ===[0m
state updated: TASK-008c → TEST
