[0m[loop-run] === STEP 1: DEV (TASK-008d) ===
state updated: TASK-008d вҶ’ DEV
Warning: Please use the `legacy` build in Node.js environments.
[feishu-plugin] wrote /Users/arthur/.opencode/feishu-plugin-server.json (0600)
[feishu-plugin] server: http://127.0.0.1:53299 workspace=/Users/arthur/.opencode/imbot-workspace
[feishu-plugin] no accounts bound
[media-gen] generate server start failed: 13674 |   server.requestTimeout = 0;
13675 |   server.headersTimeout = 0;
13676 |   return new Promise((resolve, reject) => {
13677 |     const onError = (e) => reject(e);
13678 |     server.once("error", onError);
13679 |     server.listen(opts.port ?? 0, hostname3, () => {
        ^
error: Failed to start server. Is port 51737 in use?
 syscall: "listen",
   errno: 0,
    code: "EADDRINUSE"

      at serve (unknown:1:1)
      at node:_http_server:275:39
      at node:_http_server:252:33
      at /Users/arthur/Library/Application Support/ai.deskfox.app/plugin/media-gen/dist/plugin.js:13679:12
      at Promise (unknown:1:11)
      at serveFetch (/Users/arthur/Library/Application Support/ai.deskfox.app/plugin/media-gen/dist/plugin.js:13676:14)
      at startMediaServer (/Users/arthur/Library/Application Support/ai.deskfox.app/plugin/media-gen/dist/plugin.js:13793:24)
      at /Users/arthur/Library/Application Support/ai.deskfox.app/plugin/media-gen/dist/plugin.js:13817:13
      at bc (/$bunfs/root/chunk-h28h07ft.js:554:15273)
      at ~effect/Utils/internal (/$bunfs/root/chunk-2qvefqem.js:8:1639)
      at /$bunfs/root/chunk-2qvefqem.js:25:5264
      at ~effect/Effect/evaluate (/$bunfs/root/chunk-2qvefqem.js:25:5550)
      at runLoop (/$bunfs/root/chunk-2qvefqem.js:25:2045)
      at evaluate (/$bunfs/root/chunk-2qvefqem.js:25:1435)
      at /$bunfs/root/chunk-2qvefqem.js:25:5589
      at processTicksAndRejections (unknown:7:39)

[0m
> build В· glm-5.2
[0m
[0m$ [0mls -la /Users/arthur/Devel/WorkSpaceAI/framework/multi_tenant_saas
total 840
drwxr-xr-x@ 32 arthur  staff    1024 Jun 28 13:46 .
drwxr-xr-x@  4 arthur  staff     128 Jun 23 23:27 ..
drwxr-xr-x@  9 arthur  staff     288 Jun 28 17:26 .ai
-rw-r--r--@  1 arthur  staff     955 Jun 18 12:07 .env
-rw-r--r--@  1 arthur  staff    1692 Jun 23 21:51 .env.example
drwxr-xr-x@ 16 arthur  staff     512 Jun 28 18:27 .git
-rw-r--r--@  1 arthur  staff     447 Jun 27 23:23 .gitignore
drwxr-xr-x@  6 arthur  staff     192 Jun 27 22:55 .mimocode
drwxr-xr-x@  3 arthur  staff      96 Jun 27 23:23 .phpunit.cache
-rw-r--r--@  1 arthur  staff   14295 Jun 27 14:07 AI.md
-rw-r--r--@  1 arthur  staff   13125 Jun 27 14:07 AI.md.bak
drwxr-xr-x@  6 arthur  staff     192 Jun 27 22:55 app
-rw-r--r--@  1 arthur  staff     248 Jun 18 09:22 artisan
drwxr-xr-x@  4 arthur  staff     128 Jun 25 07:35 bootstrap
-rw-r--r--@  1 arthur  staff   14391 Jun 28 14:20 CHANGELOG.md
-rw-r--r--@  1 arthur  staff    2213 Jun 23 21:47 composer.json
-rw-r--r--@  1 arthur  staff  329573 Jun 18 15:01 composer.lock
drwxr-xr-x@ 12 arthur  staff     384 Jun 28 17:26 config
-rw-r--r--@  1 arthur  staff    3183 Jun 24 09:43 CONTRIBUTING.md
drwxr-xr-x@  5 arthur  staff     160 Jun 18 09:25 database
drwxr-xr-x@  8 arthur  staff     256 Jun 28 13:46 docs
drwxr-xr-x@  4 arthur  staff     128 Jun 25 07:35 lang
-rw-r--r--@  1 arthur  staff    1068 Jun 18 09:17 LICENSE
-rw-r--r--@  1 arthur  staff    1260 Jun 27 07:08 phpunit.xml.dist
drwxr-xr-x@  5 arthur  staff     160 Jun 18 16:14 public
-rw-r--r--@  1 arthur  staff   15995 Jun 28 14:23 README.md
drwxr-xr-x@  4 arthur  staff     128 Jun 18 12:47 resources
drwxr-xr-x@  6 arthur  staff     192 Jun 27 07:08 routes
drwxr-xr-x@ 20 arthur  staff     640 Jun 28 00:15 src
drwxr-xr-x@  4 arthur  staff     128 Jun 27 22:55 storage
drwxr-xr-x@ 34 arthur  staff    1088 Jun 28 18:23 tests
drwxr-xr-x@ 41 arthur  staff    1312 Jun 18 15:01 vendor
[0m
[0mвңұ [0mGlob "tests/**/*.php"[90m 32 matches[0m
[0mвңұ [0mGlob "**/MailTemplate*.php"[90m 2 matches[0m
жҲ‘е°Ҷе…ҲжҺўзҙўд»Јз Ғеә“пјҢд»ҘдәҶи§Јдҫқиө–д»»еҠЎпјҲTASK-008a/b/cпјүдёӯжһ„е»әзҡ„з»“жһ„е’ҢзҺ°жңүд»Јз ҒгҖӮ
[0mвңұ [0mGlob "**/TenantMail*.php"[90m 1 match[0m
[0mвҶ’ [0mRead tests/TestCase.php
[0mвҶ’ [0mRead src/Services/MailTemplateService.php
[0mвҶ’ [0mRead src/Models/MailTemplate.php
[0mвҶ’ [0mRead src/Mail/TenantMail.php
жҲ‘жқҘиҜ»еҸ–е…ій”®ж–Үд»¶пјҡTestCase.phpгҖҒMailTemplateServiceгҖҒMailTemplate жЁЎеһӢгҖҒTenantMail Mailable д»ҘеҸҠзӣёе…ізҡ„ Migration е’Ң configгҖӮ
[0mвңұ [0mGlob "**/migrations/*mail_template*"[90m 1 match[0m
[0mвңұ [0mGlob "**/tenancy.php"[90m 1 match[0m
[0mвңұ [0mGlob "**/lang/**/notification.php"[90m 2 matches[0m
[0mвҶ’ [0mRead tests/TenantProfileServiceTest.php
зҺ°еңЁи®©жҲ‘жҹҘзңӢдёҖдёӢ MigrationгҖҒconfigгҖҒlang ж–Үд»¶д»ҘеҸҠзҺ°жңүзҡ„жөӢиҜ•зӨәдҫӢпјҢд»ҘдҫҝдәҶи§Јзӣёе…ізҡ„зәҰе®ҡгҖӮ
[0mвҶ’ [0mRead database/migrations/2026_06_27_000013_create_mail_templates_table.php
[0mвҶ’ [0mRead config/tenancy.php
[0mвҶ’ [0mRead lang/zh_CN/notification.php
[0mвҶ’ [0mRead lang/en/notification.php
зҺ°еңЁжҲ‘жқҘиҜ»еҸ–дёҖдёӢиҝҒз§»ж–Үд»¶гҖҒй…ҚзҪ®ж–Үд»¶д»ҘеҸҠиҜӯиЁҖж–Үд»¶пјҢд»ҘзЎ®дҝқжөӢиҜ•жЁЎејҸдҝқжҢҒдёҖиҮҙгҖӮ
[0mвҶ’ [0mRead src/TenancyServiceProvider.php
[0mвңұ [0mGlob "**/Concerns/*.php"[90m 3 matches[0m
жҲ‘жқҘжЈҖжҹҘдёҖдёӢ `TenancyServiceProvider` д»ҘжҹҘзңӢжңҚеҠЎжҳҜеҰӮдҪ•жіЁеҶҢзҡ„пјҢе№¶жҹҘзңӢзӣёе…ізҡ„ traits/concernsгҖӮ
[0mвңұ [0mGrep "MailTemplateService"[90m 5 matches[0m
[0mвҶ’ [0mRead src/Concerns/HasGlobalId.php
[0mвҶ’ [0mRead src/Concerns/BelongsToTenant.php
[0mвҶ’ [0mRead src/Context/TenantContext.php
жҲ‘жқҘжЈҖжҹҘдёҖдёӢ `HasGlobalId` trait е’Ң `TenantContext`пјҢд»ҘдәҶи§Ј ID зҡ„з”ҹжҲҗж–№ејҸд»ҘеҸҠ tenant_id еңЁеҲӣе»әиҝҮзЁӢдёӯжҳҜеҰӮдҪ•иҝҗдҪңзҡ„гҖӮ
[0mвҶ’ [0mRead src/Models/Tenant.php
[0mвҶ’ [0mRead src/Services/IdGenerator.php
[0mвҶ’ [0mRead phpunit.xml.dist
жҲ‘жқҘжЈҖжҹҘдёҖдёӢ Tenant жЁЎеһӢгҖҒIdGenerator д»ҘеҸҠ phpunit й…ҚзҪ®пјҢд»ҘзЎ®и®Өзӣёе…ізҡ„и§„иҢғгҖӮ
[0m
[0m$ [0mcd /Users/arthur/Devel/WorkSpaceAI/framework/multi_tenant_saas && php -r "require 'vendor/autoload.php'; $v = Illuminate\Foundation\Application::VERSION; echo 'Laravel: '.$v.PHP_EOL;" 2>/dev/null || grep -E '"laravel/framework"' composer.json
Parse error: syntax error, unexpected token "=", expecting end of file in Command line code on line 1
        "laravel/framework": "^12.0",
[0m
[0mвңұ [0mGrep "->render\(\)|Mailable|envelope\(\)|content\(\)"[90m 0 matches[0m
[0m
[0m$ [0mcd /Users/arthur/Devel/WorkSpaceAI/framework/multi_tenant_saas && ls vendor/illuminate/mail/Mailables/ 2>/dev/null; echo "---"; php -r "echo PHP_VERSION;" 2>/dev/null
---
8.5.3
[0m
и®©жҲ‘жЈҖжҹҘдёҖдёӢ Laravel зүҲжң¬е№¶зЎ®и®Ө Mailable API жҳҜеҗҰеҸҜз”ЁпјҢжӯӨеӨ–пјҢжҲ‘дјҡжҹҘзңӢдёҖдёӘзҺ°жңүзҡ„жөӢиҜ•пјҢд»ҘеҸӮиҖғ Mailable/жёІжҹ“жЁЎејҸжҳҜеҰӮдҪ•дҪҝз”Ёзҡ„гҖӮ
[0m$ [0mcd /Users/arthur/Devel/WorkSpaceAI/framework/multi_tenant_saas && ls vendor/illuminate/mail/Mailables/ 2>/dev/null && echo "---Mailable methods---" && grep -n "function render\|function envelope\|function content\|function attachments" vendor/illuminate/mail/Mailable.php | head -20
(no output)
[0m
[0m$ [0mcd /Users/arthur/Devel/WorkSpaceAI/framework/multi_tenant_saas && find vendor/illuminate/mail -name "*.php" -path "*Mailable*" 2>/dev/null | head; echo "---"; find vendor/laravel/framework/src/Illuminate/Mail -name "Mailable.php" 2>/dev/null | head
---
vendor/laravel/framework/src/Illuminate/Mail/Mailable.php
[0m
[0m$ [0mcd /Users/arthur/Devel/WorkSpaceAI/framework/multi_tenant_saas && grep -n "public function render\|public function envelope\|public function content\|public function attachments" vendor/laravel/framework/src/Illuminate/Mail/Mailable.php | head -20; echo "---Mailables dir---"; ls vendor/laravel/framework/src/Illuminate/Mail/Mailables/ 2>/dev/null
289:    public function render()
---Mailables dir---
Address.php
Attachment.php
Content.php
Envelope.php
Headers.php
[0m
[0mвҶ’ [0mRead vendor/laravel/framework/src/Illuminate/Mail/Mailable.php[90m [offset=280, limit=45][0m
жҲ‘е·ІжҺҢжҸЎи¶іеӨҹзҡ„дҝЎжҒҜгҖӮзҺ°еңЁејҖе§Ӣе®һж–ҪгҖӮйҰ–е…ҲпјҢеңЁ `TestCase.php` дёӯиҝҪеҠ  `mail_templates` иЎЁз»“жһ„пјҢдҪҝе…¶дёҺиҝҒз§»ж–Үд»¶дҝқжҢҒдёҖиҮҙгҖӮ
[0m
[0mвҶҗ [0mEdit tests/TestCase.php
Index: /Users/arthur/Devel/WorkSpaceAI/framework/multi_tenant_saas/tests/TestCase.php
===================================================================
--- /Users/arthur/Devel/WorkSpaceAI/framework/multi_tenant_saas/tests/TestCase.php
+++ /Users/arthur/Devel/WorkSpaceAI/framework/multi_tenant_saas/tests/TestCase.php
@@ -572,8 +572,33 @@
         $table->timestamps();
 
         $table->index(['tenant_id', 'metric_type', 'period']);
     });
+
+    // йӮ®д»¶жЁЎжқҝиЎЁпјҲеӯ—ж®өе®ҡд№үдёҺ Migration дёҖиҮҙпјү
+    Schema::create('mail_templates', function (Blueprint $table) {
+        $table->unsignedBigInteger('template_id')->primary();
+        $table->bigInteger('tenant_id')->unsigned()->nullable();
+        $table->string('type', 50);
+        $table->string('name_key', 50)->nullable();
+        $table->string('name');
+        $table->string('subject');
+        $table->longText('html_body');
+        $table->text('text_body')->nullable();
+        $table->json('variables')->nullable();
+        $table->string('status', 20)->default('activated');
+        $table->timestamps();
+        $table->softDeletes();
+
+        $table->index(['tenant_id', 'type']);
+        $table->index(['type', 'status']);
+        $table->index(['name_key', 'tenant_id']);
+
+        $table->foreign('tenant_id')
+            ->references('tenant_id')
+            ->on('tenants')
+            ->onDelete('cascade');
+    });
 }
 
 
 protected function tearDown(): void

[0m
[0mвҶҗ [0mWrite tests/MailTemplateServiceTest.php
Wrote file successfully.
[0m
зҺ°еңЁпјҢжҲ‘жқҘеҲӣе»ә `MailTemplateServiceTest.php` ж–Үд»¶пјҢе№¶еҢ…еҗ«жүҖжңү 13 дёӘжөӢиҜ•з”ЁдҫӢгҖӮ
зҺ°еңЁи®©жҲ‘иҝҗиЎҢжөӢиҜ•д»ҘйӘҢиҜҒдёҖеҲҮжҳҜеҗҰжӯЈеёёе·ҘдҪңгҖӮ
[0m$ [0mcd /Users/arthur/Devel/WorkSpaceAI/framework/multi_tenant_saas && ./vendor/bin/phpunit tests/MailTemplateServiceTest.php 2>&1 | tail -60
PHPUnit 11.5.55 by Sebastian Bergmann and contributors.

Runtime:       PHP 8.5.3
Configuration: /Users/arthur/Devel/WorkSpaceAI/framework/multi_tenant_saas/phpunit.xml.dist

...........F.                                                     13 / 13 (100%)

Time: 00:00.343, Memory: 38.50 MB

There was 1 failure:

1) MultiTenantSaas\Tests\MailTemplateServiceTest::test_tenant_mail_with_attachments
Failed asserting that a string is an instance of class Illuminate\Mail\Mailables\Attachment.

/Users/arthur/Devel/WorkSpaceAI/framework/multi_tenant_saas/tests/MailTemplateServiceTest.php:357

FAILURES!
Tests: 13, Assertions: 52, Failures: 1.
[0m
[0mвҶҗ [0mEdit tests/MailTemplateServiceTest.php
Index: /Users/arthur/Devel/WorkSpaceAI/framework/multi_tenant_saas/tests/MailTemplateServiceTest.php
===================================================================
--- /Users/arthur/Devel/WorkSpaceAI/framework/multi_tenant_saas/tests/MailTemplateServiceTest.php
+++ /Users/arthur/Devel/WorkSpaceAI/framework/multi_tenant_saas/tests/MailTemplateServiceTest.php
@@ -345,18 +345,22 @@
             'welcome',
             ['user_name' => 'Bob'],
             1001,
             [
-                $path,
+                $path, // еӯ—з¬ҰдёІи·Ҝеҫ„пјҡеҺҹж ·йҖҸдј пјҢз”ұзҲ¶зұ» hydrate
                 ['data' => 'inline data', 'name' => 'inline.txt', 'mime' => 'text/plain'],
+                ['path' => $path, 'name' => 'renamed.txt'],
             ],
         );
 
         $attachments = $mail->attachments();
 
-        $this->assertCount(2, $attachments);
-        $this->assertInstanceOf(Attachment::class, $attachments[0]);
+        $this->assertCount(3, $attachments);
+        // еӯ—з¬ҰдёІи·Ҝеҫ„йҖҸдј пјҲзҲ¶зұ»еңЁжҠ•йҖ’ж—¶еҪ’дёҖеҢ–пјү
+        $this->assertSame($path, $attachments[0]);
+        // ж•°з»„й…ҚзҪ®иҪ¬жҚўдёә Attachment е®һдҫӢ
         $this->assertInstanceOf(Attachment::class, $attachments[1]);
+        $this->assertInstanceOf(Attachment::class, $attachments[2]);
     } finally {
         @unlink($path);
     }
 }

[0m
12/13 дёӘжөӢиҜ•е·ІйҖҡиҝҮгҖӮйҷ„д»¶жөӢиҜ•зҡ„еҒҮи®ҫжңүиҜҜвҖ”вҖ”`TenantMail::attachments()` дјҡеҺҹж ·дј йҖ’еӯ—з¬ҰдёІи·Ҝеҫ„пјҲзҲ¶зұ»еңЁ hydration иҝҮзЁӢдёӯдјҡеӨ„зҗҶе®ғд»¬пјүпјҢеҸӘжңүж•°з»„й…ҚзҪ®дјҡиў«иҪ¬жҚўдёә `Attachment` е®һдҫӢгҖӮжҲ‘жқҘдҝ®еӨҚиҜҘжөӢиҜ•пјҢдҪҝе…¶з¬ҰеҗҲе®һйҷ…иЎҢдёәгҖӮ
[0m$ [0mcd /Users/arthur/Devel/WorkSpaceAI/framework/multi_tenant_saas && ./vendor/bin/phpunit tests/MailTemplateServiceTest.php 2>&1 | tail -30
PHPUnit 11.5.55 by Sebastian Bergmann and contributors.

Runtime:       PHP 8.5.3
Configuration: /Users/arthur/Devel/WorkSpaceAI/framework/multi_tenant_saas/phpunit.xml.dist

.............                                                     13 / 13 (100%)

Time: 00:00.298, Memory: 38.50 MB

OK (13 tests, 54 assertions)
[0m
жүҖжңү 13 дёӘжөӢиҜ•еқҮе·ІйҖҡиҝҮгҖӮи®©жҲ‘зЎ®и®ӨдёҖдёӢиҝҷдәӣжӣҙж”№дёҚдјҡз ҙеқҸжөӢиҜ•еҘ—д»¶зҡ„е…¶д»–йғЁеҲҶпјҲеӣ дёәжҲ‘еңЁе…ұдә«зҡ„ `TestCase` дёӯж·»еҠ дәҶдёҖдёӘиЎЁпјүгҖӮ
[0m$ [0mcd /Users/arthur/Devel/WorkSpaceAI/framework/multi_tenant_saas && ./vendor/bin/phpunit 2>&1 | tail -15
/Users/arthur/Devel/WorkSpaceAI/framework/multi_tenant_saas/tests/TrialServiceTest.php:240

4) MultiTenantSaas\Tests\TrialServiceTest::test_process_expiring_trials_handles_multiple_tenants
Failed asserting that 0 matches expected 2.

/Users/arthur/Devel/WorkSpaceAI/framework/multi_tenant_saas/tests/TrialServiceTest.php:279

5) MultiTenantSaas\Tests\TrialServiceTest::test_process_expiring_trials_sends_notifications
Failed asserting that 0 matches expected 1.

/Users/arthur/Devel/WorkSpaceAI/framework/multi_tenant_saas/tests/TrialServiceTest.php:212

ERRORS!
Tests: 489, Assertions: 914, Errors: 80, Failures: 5, Skipped: 1.
[0m
жөӢиҜ•еҘ—д»¶дёӯеҮәзҺ°дәҶеӨұиҙҘгҖӮжҲ‘йңҖиҰҒзЎ®и®ӨиҝҷдәӣжҳҜеҗҰжҳҜйў„е…ҲеӯҳеңЁзҡ„пјҲе№¶йқһз”ұжҲ‘еңЁе…ұдә«зҡ„ `TestCase` дёӯж·»еҠ иЎЁжүҖеҜјиҮҙпјүгҖӮи®©жҲ‘е…ҲеҜ№еҹәеҮҶзүҲжң¬иҝӣиЎҢ stash е№¶иҝҗиЎҢд»ҘиҝӣиЎҢжҜ”иҫғгҖӮ
